<?xml version="1.0" encoding="utf-8"?><testsuites name="pytest tests"><testsuite name="pytest" errors="0" failures="0" skipped="0" tests="18" time="0.083" timestamp="2026-05-05T02:51:38.428279+00:00" hostname="agent-env-a0b1f7a0-c728-461f-8308-4bafec7be656"><testcase classname="backend.tests.test_data_validation.TestDataValidationContracts" name="test_dashboard_contract_has_required_sheets" time="0.000" /><testcase classname="backend.tests.test_data_validation.TestDataValidationContracts" name="test_minimum_viable_contracts_defined" time="0.000" /><testcase classname="backend.tests.test_data_validation.TestDataValidationContracts" name="test_dashboard_minimum_sheets" time="0.000" /><testcase classname="backend.tests.test_data_validation.TestExcelValidation" name="test_validate_dashboard_workbook_with_valid_sheets" time="0.000" /><testcase classname="backend.tests.test_data_validation.TestExcelValidation" name="test_validate_workbook_with_missing_sheets" time="0.000" /><testcase classname="backend.tests.test_data_validation.TestExcelValidation" name="test_validate_workbook_with_missing_headers" time="0.000" /><testcase classname="backend.tests.test_data_validation.TestExcelValidation" name="test_validate_unknown_workbook" time="0.000" /><testcase classname="backend.tests.test_data_validation.TestCSVValidation" name="test_validate_csv_with_content" time="0.002" /><testcase classname="backend.tests.test_data_validation.TestCSVValidation" name="test_validate_empty_csv" time="0.001" /><testcase classname="backend.tests.test_data_validation.TestFileValidationResult" name="test_valid_sheet_count" time="0.000" /><testcase classname="backend.tests.test_data_validation.TestSheetValidationResult" name="test_headers_valid_property" time="0.000" /><testcase classname="backend.tests.test_estimation_engine.TestEstimationEngine" name="test_processed_artifacts_exist" time="0.000" /><testcase classname="backend.tests.test_estimation_engine.TestEstimationEngine" name="test_required_artifacts_present" time="0.001" /><testcase classname="backend.tests.test_estimation_engine.TestEstimationEngine" name="test_estimate_campaign_function_exists" time="0.007" /><testcase classname="backend.tests.test_estimation_engine.TestEstimationEngine" name="test_build_validation_artifacts" time="0.013" /><testcase classname="backend.tests.test_estimation_engine.TestEstimationEngine" name="test_estimate_campaign_slk_field" time="0.029" /><testcase classname="backend.tests.test_estimation_engine.TestWBSTreeArtifacts" name="test_wbs_tree_json_exists" time="0.002" /><testcase classname="backend.tests.test_estimation_engine.TestWBSTreeArtifacts" name="test_load_wbs_tree_payload" time="0.004" /></testsuite></testsuites>